<?xml version="1.0" encoding="UTF-8"?>
<!-- Generated by org.testng.reporters.JUnitReportReporter -->
<testsuite hostname="Anush" failures="0" tests="4" name="testcases.IplLaunchTest4" time="0.034" errors="0" timestamp="2023-08-07T21:19:34 IST" skipped="0">
  <testcase classname="testcases.IplLaunchTest4" name="test1" time="0.010"/>
  <testcase classname="testcases.IplLaunchTest4" name="test3" time="0.004"/>
  <testcase classname="testcases.IplLaunchTest4" name="test1" time="0.013"/>
  <testcase classname="testcases.IplLaunchTest4" name="test2" time="0.007"/>
</testsuite> <!-- testcases.IplLaunchTest4 -->
