<?xml version="1.0" encoding="UTF-8"?>
<!-- Generated by org.testng.reporters.JUnitReportReporter -->
<testsuite hostname="Anush" failures="0" tests="6" name="testcases.IplLaunchTest1" time="0.040" errors="0" timestamp="2023-08-07T16:47:45 IST" skipped="0">
  <testcase classname="testcases.IplLaunchTest1" name="test1" time="0.016"/>
  <testcase classname="testcases.IplLaunchTest1" name="test2" time="0.007"/>
  <testcase classname="testcases.IplLaunchTest1" name="test3" time="0.004"/>
  <testcase classname="testcases.IplLaunchTest1" name="test4" time="0.003"/>
  <testcase classname="testcases.IplLaunchTest1" name="test4" time="0.005"/>
  <testcase classname="testcases.IplLaunchTest1" name="test4" time="0.005"/>
</testsuite> <!-- testcases.IplLaunchTest1 -->
