<?xml version="1.0" encoding="UTF-8"?>
<!-- Generated by org.testng.reporters.JUnitReportReporter -->
<testsuite hostname="Anush" failures="0" tests="1" name="testcases.IPLHomePagefunctionality" time="46.060" errors="0" timestamp="2023-08-09T22:17:54 IST" skipped="0">
  <testcase classname="testcases.IPLHomePagefunctionality" name="iplHomePageValidation" time="46.060"/>
</testsuite> <!-- testcases.IPLHomePagefunctionality -->
