<?xml version="1.0" encoding="UTF-8"?>
<!-- Generated by org.testng.reporters.JUnitReportReporter -->
<testsuite hostname="Anush" failures="0" tests="2" name="testcases.IplLaunchTest3" time="0.014" errors="0" timestamp="2023-08-04T14:27:30 IST" skipped="0">
  <testcase classname="testcases.IplLaunchTest3" name="test3" time="0.010"/>
  <testcase classname="testcases.IplLaunchTest3" name="test1" time="0.004"/>
</testsuite> <!-- testcases.IplLaunchTest3 -->
